Arguments: 
  C:\Program Files\nodejs\node.exe C:\Users\far82\AppData\Roaming\npm\node_modules\yarn\bin\yarn.js install

PATH: 
  C:\Program Files\Git\mingw64\bin;C:\Program Files\Git\usr\bin;C:\Users\far82\bin;C:\WINDOWS\system32;C:\WINDOWS;C:\WINDOWS\System32\Wbem;C:\WINDOWS\System32\WindowsPowerShell\v1.0;C:\WINDOWS\System32\OpenSSH;C:\Program Files (x86)\Intel\Intel(R) Management Engine Components\DAL;C:\Program Files\Intel\Intel(R) Management Engine Components\DAL;C:\Program Files\nodejs;C:\Program Files\Git\cmd;C:\Ruby27-x64\bin;C:\Users\far82\AppData\Local\Microsoft\WindowsApps;C:\Users\far82\AppData\Local\Programs\Microsoft VS Code\bin;C:\Users\far82\AppData\Roaming\npm

Yarn version: 
  1.22.10

Node version: 
  14.15.0

Platform: 
  win32 x64

Trace: 
  Error: EPERM: operation not permitted, unlink 'C:\Users\far82\OneDrive\Área de Trabalho\Laranja\DHT12G7\lab\project\recipe\node_modules\bcrypt\lib\binding\napi-v3\bcrypt_lib.node'

npm manifest: 
  {
    "name": "20200126",
    "version": "0.0.0",
    "private": true,
    "scripts": {
      "start": "nodemon ./bin/www"
    },
    "dependencies": {
      "bcrypt": "^5.0.0",
      "cookie-parser": "~1.4.4",
      "debug": "~2.6.9",
      "ejs": "~2.6.1",
      "express": "~4.16.1",
      "express-session": "^1.17.1",
      "http-errors": "~1.6.3",
      "morgan": "~1.9.1",
      "mysql2": "^2.2.5",
      "nodemon": "^2.0.7",
      "typescript": "^4.2.2"
    },
    "devDependencies": {
      "sequelize": "^6.5.0",
      "sequelize-cli": "^6.2.0"
    }
  }

yarn manifest: 
  No manifest

Lockfile: 
  No lockfile
